Word_in_tb:  00000001001000110100010101100111100010011010101111001101111011111111111011011100101110101001100001110110010101000011001000010000 , HEX: 0123456789abcdeffedcba9876543210
Word_in_dut: 00000001001000110100010101100111100010011010101111001101111011111111111011011100101110101001100001110110010101000011001000010000 , HEX: 0123456789abcdeffedcba9876543210
[35000 ns][PASS] code check passed.
[35000 ns][PASS] code_bak check passed.
[35000 ns][PASS] index check passed.
[35000 ns][PASS] length check passed.
[35000 ns][PASS] word check passed, dut_word: 00000000 expected_word 00000000.
Word_in_tb:  00000000010010001101000101011001111000100110101011110011011110111111111110110111001011101010011000011101100101010000110010000100 , HEX: 0048d159e26af37bffb72ea61d950c84
Word_in_dut: 00000001001000110100010101100111100010011010101111001101111011111111111011011100101110101001100001110110010101000011001000010000 , HEX: 0123456789abcdeffedcba9876543210
[35000 ns][PASS] code check passed.
[35000 ns][PASS] code_bak check passed.
[35000 ns][PASS] index check passed.
[35000 ns][PASS] length check passed.
[35000 ns][PASS] word check passed, dut_word: 00000000 expected_word 00000000.
Word_in_tb:  00000000000100100011010001010110011110001001101010111100110111101111111111101101110010111010100110000111011001010100001100100001 , HEX: 00123456789abcdeffedcba987654321
Word_in_dut: 00000000000100100011010001010110011110001001101010111100110111101111111111101101110010111010100110000111011001010100001100100001 , HEX: 00123456789abcdeffedcba987654321
[45000 ns][PASS] code check passed.
[45000 ns][PASS] code_bak check passed.
[45000 ns][PASS] index check passed.
[45000 ns][PASS] length check passed.
[45000 ns][PASS] word check passed, dut_word: 61d950c8 expected_word 61d950c8.
Word_in_tb:  00000000000000000000000000000000000000000000010010001101000101011001111000100110101011110011011110111111111110110111001011101010 , HEX: 0000000000048d159e26af37bffb72ea
Word_in_dut: 00000000000100100011010001010110011110001001101010111100110111101111111111101101110010111010100110000111011001010100001100100001 , HEX: 00123456789abcdeffedcba987654321
[45000 ns][PASS] code check passed.
[45000 ns][PASS] code_bak check passed.
[45000 ns][PASS] index check passed.
[45000 ns][PASS] length check passed.
[45000 ns][PASS] word check passed, dut_word: aaaaaaaa expected_word aaaaaaaa.
Word_in_tb:  00000000000000000000000000000000000000000000000000010010001101000101011001111000100110101011110011011110111111111110110111001011 , HEX: 000000000000123456789abcdeffedcb
Word_in_dut: 00000000000000000000000000000000000000000000000000010010001101000101011001111000100110101011110011011110111111111110110111001011 , HEX: 000000000000123456789abcdeffedcb
[55000 ns][PASS] code check passed.
[55000 ns][PASS] code_bak check passed.
[55000 ns][PASS] index check passed.
[55000 ns][PASS] length check passed.
[55000 ns][PASS] word check passed, dut_word: ccccccdc expected_word ccccccdc.
Word_in_tb:  00000000000000000000000000000000000000000000000000000000000000000001001000110100010101100111100010011010101111001101111011111111 , HEX: 0000000000000000123456789abcdeff
Word_in_dut: 00000000000000000000000000000000000000000000000000010010001101000101011001111000100110101011110011011110111111111110110111001011 , HEX: 000000000000123456789abcdeffedcb
[55000 ns][PASS] code check passed.
[55000 ns][PASS] code_bak check passed.
[55000 ns][PASS] index check passed.
[55000 ns][PASS] length check passed.
[55000 ns][PASS] word check passed, dut_word: 9abcdeff expected_word 9abcdeff.
Word_in_tb:  10101111111010111010101111100000000000000000000000000000000000000000000000000000000000000000000000010010001101000101011001111000 , HEX: afebabe0000000000000000012345678
Word_in_dut: 00000000000000000000000000000000000000000000000000000000000000000000000000000000000000000000000000010010001101000101011001111000 , HEX: 00000000000000000000000012345678
[65000 ns][PASS] code check passed.
[65000 ns][PASS] code_bak check passed.
[65000 ns][PASS] index check passed.
[65000 ns][PASS] length check passed.
[65000 ns][PASS] word check passed, dut_word: 00000000 expected_word 00000000.
Word_in_tb:  00101011111110101110101011111000000000000000000000000000000000000000000000000000000000000000000000000100100011010001010110011110 , HEX: 2bfaeaf80000000000000000048d159e
Word_in_dut: 00000000000000000000000000000000000000000000000000000000000000000000000000000000000000000000000000010010001101000101011001111000 , HEX: 00000000000000000000000012345678
[65000 ns][PASS] code check passed.
[65000 ns][PASS] code_bak check passed.
[65000 ns][PASS] index check passed.
[65000 ns][PASS] length check passed.
[65000 ns][PASS] word check passed, dut_word: 77777777 expected_word 77777777.
Word_in_tb:  11111100101011111110101110101011111000000000000000000000000000000000000000000000000000000000000000000000000100100011010001010110 , HEX: fcafebabe00000000000000000123456
Word_in_dut: 11101111110010101111111010111010101111100000000000000000000000000000000000000000000000000000000000000000000100100011010001010110 , HEX: efcafebabe0000000000000000123456
[75000 ns][PASS] code check passed.
[75000 ns][PASS] code_bak check passed.
[75000 ns][PASS] index check passed.
[75000 ns][PASS] length check passed.
[75000 ns][PASS] word check passed, dut_word: 55555555 expected_word 55555555.
Word_in_tb:  10111011111100101011111110101110101011111000000000000000000000000000000000000000000000000000000000000000000000000100100011010001 , HEX: bbf2bfaeaf80000000000000000048d1
Word_in_dut: 11101111110010101111111010111010101111100000000000000000000000000000000000000000000000000000000000000000000100100011010001010110 , HEX: efcafebabe0000000000000000123456
[75000 ns][PASS] code check passed.
[75000 ns][PASS] code_bak check passed.
[75000 ns][PASS] index check passed.
[75000 ns][PASS] length check passed.
[75000 ns][PASS] word check passed, dut_word: 00001234 expected_word 00001234.
Word_in_tb:  00000000000011011110101011011011111011101111110010101111111010111010101111100000000000000000000000000000000000000000000000000000 , HEX: 000deadbeefcafebabe0000000000000
Word_in_dut: 00000000000000001101111010101101101111101110111111001010111111101011101010111110000000000000000000000000000000000000000000000000 , HEX: 0000deadbeefcafebabe000000000000
[85000 ns][PASS] code check passed.
[85000 ns][PASS] code_bak check passed.
[85000 ns][PASS] index check passed.
[85000 ns][PASS] length check passed.
[85000 ns][PASS] word check passed, dut_word: 00000000 expected_word 00000000.
Word_in_tb:  00000000000000110111101010110110111110111011111100101011111110101110101011111000000000000000000000000000000000000000000000000000 , HEX: 00037ab6fbbf2bfaeaf8000000000000
Word_in_dut: 00000000000000001101111010101101101111101110111111001010111111101011101010111110000000000000000000000000000000000000000000000000 , HEX: 0000deadbeefcafebabe000000000000
[85000 ns][PASS] code check passed.
[85000 ns][PASS] code_bak check passed.
[85000 ns][PASS] index check passed.
[85000 ns][PASS] length check passed.
[85000 ns][PASS] word check passed, dut_word: 00000000 expected_word 00000000.
Word_in_tb:  00000000000000001101111010101101101111101110111111001010111111101011101010111110000000000000000000000000000000000000000000000000 , HEX: 0000deadbeefcafebabe000000000000
Word_in_dut: 00000000000000000000110111101010110110111110111011111100101011111110101110101011111000000000000000000000000000000000000000000000 , HEX: 00000deadbeefcafebabe00000000000
[95000 ns][PASS] code check passed.
[95000 ns][PASS] code_bak check passed.
[95000 ns][PASS] index check passed.
[95000 ns][PASS] length check passed.
[95000 ns][PASS] word check passed, dut_word: 00000000 expected_word 00000000.
Word_in_tb:  00000000000000000011011110101011011011111011101111110010101111111010111010101111100000000000000000000000000000000000000000000000 , HEX: 000037ab6fbbf2bfaeaf800000000000
Word_in_dut: 00000000000000000000110111101010110110111110111011111100101011111110101110101011111000000000000000000000000000000000000000000000 , HEX: 00000deadbeefcafebabe00000000000
[95000 ns][PASS] code check passed.
[95000 ns][PASS] code_bak check passed.
[95000 ns][PASS] index check passed.
[95000 ns][PASS] length check passed.
[95000 ns][PASS] word check passed, dut_word: 00000000 expected_word 00000000.
Word_in_tb:  00000000000000000000110111101010110110111110111011111100101011111110101110101011111000000000000000000000000000000000000000000000 , HEX: 00000deadbeefcafebabe00000000000
Word_in_dut: 00000000000000000000000011011110101011011011111011101111110010101111111010111010101111100000000000000000000000000000000000000000 , HEX: 000000deadbeefcafebabe0000000000
[105000 ns][PASS] code check passed.
[105000 ns][PASS] code_bak check passed.
[105000 ns][PASS] index check passed.
[105000 ns][PASS] length check passed.
[105000 ns][PASS] word check passed, dut_word: 00000000 expected_word 00000000.
Word_in_tb:  00000000000000000000001101111010101101101111101110111111001010111111101011101010111110000000000000000000000000000000000000000000 , HEX: 0000037ab6fbbf2bfaeaf80000000000
Word_in_dut: 00000000000000000000000011011110101011011011111011101111110010101111111010111010101111100000000000000000000000000000000000000000 , HEX: 000000deadbeefcafebabe0000000000
[105000 ns][PASS] code check passed.
[105000 ns][PASS] code_bak check passed.
[105000 ns][PASS] index check passed.
[105000 ns][PASS] length check passed.
[105000 ns][PASS] word check passed, dut_word: 00000000 expected_word 00000000.
Word_in_tb:  00000000000000000000000011011110101011011011111011101111110010101111111010111010101111100000000000000000000000000000000000000000 , HEX: 000000deadbeefcafebabe0000000000
Word_in_dut: 00000000000000000000000000001101111010101101101111101110111111001010111111101011101010111110000000000000000000000000000000000000 , HEX: 0000000deadbeefcafebabe000000000
[115000 ns][PASS] code check passed.
[115000 ns][PASS] code_bak check passed.
[115000 ns][PASS] index check passed.
[115000 ns][PASS] length check passed.
[115000 ns][PASS] word check passed, dut_word: 00000000 expected_word 00000000.
Word_in_tb:  00000000000000000000000000110111101010110110111110111011111100101011111110101110101011111000000000000000000000000000000000000000 , HEX: 00000037ab6fbbf2bfaeaf8000000000
Word_in_dut: 00000000000000000000000000001101111010101101101111101110111111001010111111101011101010111110000000000000000000000000000000000000 , HEX: 0000000deadbeefcafebabe000000000
[115000 ns][PASS] code check passed.
[115000 ns][PASS] code_bak check passed.
[115000 ns][PASS] index check passed.
[115000 ns][PASS] length check passed.
[115000 ns][PASS] word check passed, dut_word: 00000000 expected_word 00000000.
Word_in_tb:  00000000000000000000000000001101111010101101101111101110111111001010111111101011101010111110000000000000000000000000000000000000 , HEX: 0000000deadbeefcafebabe000000000
Word_in_dut: 00000000000000000000000000000000110111101010110110111110111011111100101011111110101110101011111000000000000000000000000000000000 , HEX: 00000000deadbeefcafebabe00000000
[125000 ns][PASS] code check passed.
[125000 ns][PASS] code_bak check passed.
[125000 ns][PASS] index check passed.
[125000 ns][PASS] length check passed.
[125000 ns][PASS] word check passed, dut_word: 00000000 expected_word 00000000.
Word_in_tb:  00000000000000000000000000000011011110101011011011111011101111110010101111111010111010101111100000000000000000000000000000000000 , HEX: 000000037ab6fbbf2bfaeaf800000000
Word_in_dut: 00000000000000000000000000000000110111101010110110111110111011111100101011111110101110101011111000000000000000000000000000000000 , HEX: 00000000deadbeefcafebabe00000000
[125000 ns][PASS] code check passed.
[125000 ns][PASS] code_bak check passed.
[125000 ns][PASS] index check passed.
[125000 ns][PASS] length check passed.
[125000 ns][PASS] word check passed, dut_word: 00000000 expected_word 00000000.
Word_in_tb:  00000000000000000000000000000000110111101010110110111110111011111100101011111110101110101011111000000000000000000000000000000000 , HEX: 00000000deadbeefcafebabe00000000
Word_in_dut: 00000000000000000000000000000000000011011110101011011011111011101111110010101111111010111010101111100000000000000000000000000000 , HEX: 000000000deadbeefcafebabe0000000
[135000 ns][PASS] code check passed.
[135000 ns][PASS] code_bak check passed.
[135000 ns][PASS] index check passed.
[135000 ns][PASS] length check passed.
[135000 ns][PASS] word check passed, dut_word: 00000000 expected_word 00000000.
Word_in_tb:  00000000000000000000000000000000001101111010101101101111101110111111001010111111101011101010111110000000000000000000000000000000 , HEX: 0000000037ab6fbbf2bfaeaf80000000
Word_in_dut: 00000000000000000000000000000000000011011110101011011011111011101111110010101111111010111010101111100000000000000000000000000000 , HEX: 000000000deadbeefcafebabe0000000
[135000 ns][PASS] code check passed.
[135000 ns][PASS] code_bak check passed.
[135000 ns][PASS] index check passed.
[135000 ns][PASS] length check passed.
[135000 ns][PASS] word check passed, dut_word: 00000000 expected_word 00000000.
Word_in_tb:  00000000000000000000000000000000000011011110101011011011111011101111110010101111111010111010101111100000000000000000000000000000 , HEX: 000000000deadbeefcafebabe0000000
Word_in_dut: 00000000000000000000000000000000000000001101111010101101101111101110111111001010111111101011101010111110000000000000000000000000 , HEX: 0000000000deadbeefcafebabe000000
[145000 ns][PASS] code check passed.
[145000 ns][PASS] code_bak check passed.
[145000 ns][PASS] index check passed.
[145000 ns][PASS] length check passed.
[145000 ns][PASS] word check passed, dut_word: 00000000 expected_word 00000000.
Word_in_tb:  00000000000000000000000000000000000000110111101010110110111110111011111100101011111110101110101011111000000000000000000000000000 , HEX: 00000000037ab6fbbf2bfaeaf8000000
Word_in_dut: 00000000000000000000000000000000000000001101111010101101101111101110111111001010111111101011101010111110000000000000000000000000 , HEX: 0000000000deadbeefcafebabe000000
[145000 ns][PASS] code check passed.
[145000 ns][PASS] code_bak check passed.
[145000 ns][PASS] index check passed.
[145000 ns][PASS] length check passed.
[145000 ns][PASS] word check passed, dut_word: 00000000 expected_word 00000000.
Word_in_tb:  00000000000000000000000000000000000000001101111010101101101111101110111111001010111111101011101010111110000000000000000000000000 , HEX: 0000000000deadbeefcafebabe000000
Word_in_dut: 00000000000000000000000000000000000000000000110111101010110110111110111011111100101011111110101110101011111000000000000000000000 , HEX: 00000000000deadbeefcafebabe00000
[155000 ns][PASS] code check passed.
[155000 ns][PASS] code_bak check passed.
[155000 ns][PASS] index check passed.
[155000 ns][PASS] length check passed.
[155000 ns][PASS] word check passed, dut_word: 00000000 expected_word 00000000.
Word_in_tb:  00000000000000000000000000000000000000000011011110101011011011111011101111110010101111111010111010101111100000000000000000000000 , HEX: 000000000037ab6fbbf2bfaeaf800000
Word_in_dut: 00000000000000000000000000000000000000000000110111101010110110111110111011111100101011111110101110101011111000000000000000000000 , HEX: 00000000000deadbeefcafebabe00000
[155000 ns][PASS] code check passed.
[155000 ns][PASS] code_bak check passed.
[155000 ns][PASS] index check passed.
[155000 ns][PASS] length check passed.
[155000 ns][PASS] word check passed, dut_word: 00000000 expected_word 00000000.
Word_in_tb:  00000000000000000000000000000000000000000000110111101010110110111110111011111100101011111110101110101011111000000000000000000000 , HEX: 00000000000deadbeefcafebabe00000
Word_in_dut: 00000000000000000000000000000000000000000000000011011110101011011011111011101111110010101111111010111010101111100000000000000000 , HEX: 000000000000deadbeefcafebabe0000
[165000 ns][PASS] code check passed.
[165000 ns][PASS] code_bak check passed.
[165000 ns][PASS] index check passed.
[165000 ns][PASS] length check passed.
[165000 ns][PASS] word check passed, dut_word: 00000000 expected_word 00000000.
Word_in_tb:  00000000000000000000000000000000000000000000001101111010101101101111101110111111001010111111101011101010111110000000000000000000 , HEX: 0000000000037ab6fbbf2bfaeaf80000
Word_in_dut: 00000000000000000000000000000000000000000000000011011110101011011011111011101111110010101111111010111010101111100000000000000000 , HEX: 000000000000deadbeefcafebabe0000
[165000 ns][PASS] code check passed.
[165000 ns][PASS] code_bak check passed.
[165000 ns][PASS] index check passed.
[165000 ns][PASS] length check passed.
[165000 ns][PASS] word check passed, dut_word: 00000000 expected_word 00000000.
Word_in_tb:  00000000000000000000000000000000000000000000000011011110101011011011111011101111110010101111111010111010101111100000000000000000 , HEX: 000000000000deadbeefcafebabe0000
Word_in_dut: 00000000000000000000000000000000000000000000000000001101111010101101101111101110111111001010111111101011101010111110000000000000 , HEX: 0000000000000deadbeefcafebabe000
[175000 ns][PASS] code check passed.
[175000 ns][PASS] code_bak check passed.
[175000 ns][PASS] index check passed.
[175000 ns][PASS] length check passed.
[175000 ns][PASS] word check passed, dut_word: 00000000 expected_word 00000000.
Word_in_tb:  00000000000000000000000000000000000000000000000000110111101010110110111110111011111100101011111110101110101011111000000000000000 , HEX: 00000000000037ab6fbbf2bfaeaf8000
Word_in_dut: 00000000000000000000000000000000000000000000000000001101111010101101101111101110111111001010111111101011101010111110000000000000 , HEX: 0000000000000deadbeefcafebabe000
[175000 ns][PASS] code check passed.
[175000 ns][PASS] code_bak check passed.
[175000 ns][PASS] index check passed.
[175000 ns][PASS] length check passed.
[175000 ns][PASS] word check passed, dut_word: 00000000 expected_word 00000000.
Word_in_tb:  00000000000000000000000000000000000000000000000000001101111010101101101111101110111111001010111111101011101010111110000000000000 , HEX: 0000000000000deadbeefcafebabe000
Word_in_dut: 00000000000000000000000000000000000000000000000000000000110111101010110110111110111011111100101011111110101110101011111000000000 , HEX: 00000000000000deadbeefcafebabe00
[185000 ns][PASS] code check passed.
[185000 ns][PASS] code_bak check passed.
[185000 ns][PASS] index check passed.
[185000 ns][PASS] length check passed.
[185000 ns][PASS] word check passed, dut_word: 00000000 expected_word 00000000.
Word_in_tb:  00000000000000000000000000000000000000000000000000000011011110101011011011111011101111110010101111111010111010101111100000000000 , HEX: 000000000000037ab6fbbf2bfaeaf800
Word_in_dut: 00000000000000000000000000000000000000000000000000000000110111101010110110111110111011111100101011111110101110101011111000000000 , HEX: 00000000000000deadbeefcafebabe00
[185000 ns][PASS] code check passed.
[185000 ns][PASS] code_bak check passed.
[185000 ns][PASS] index check passed.
[185000 ns][PASS] length check passed.
[185000 ns][PASS] word check passed, dut_word: 00000000 expected_word 00000000.
Word_in_tb:  00000000000000000000000000000000000000000000000000000000110111101010110110111110111011111100101011111110101110101011111000000000 , HEX: 00000000000000deadbeefcafebabe00
Word_in_dut: 00000000000000000000000000000000000000000000000000000000000011011110101011011011111011101111110010101111111010111010101111100000 , HEX: 000000000000000deadbeefcafebabe0
[195000 ns][PASS] code check passed.
[195000 ns][PASS] code_bak check passed.
[195000 ns][FAIL] idx mismatch: expected 0, got 8
