EDA Netlist Writer report for matching_stage
Sun Mar 23 01:10:18 2025
Quartus II 64-Bit Version 13.0.1 Build 232 06/12/2013 Service Pack 1 SJ Web Edition


---------------------
; Table of Contents ;
---------------------
  1. Legal Notice
  2. EDA Netlist Writer Summary
  3. EDA Netlist Writer Messages



----------------
; Legal Notice ;
----------------
Copyright (C) 1991-2013 Altera Corporation
Your use of Altera Corporation's design tools, logic functions 
and other software and tools, and its AMPP partner logic 
functions, and any output files from any of the foregoing 
(including device programming or simulation files), and any 
associated documentation or information are expressly subject 
to the terms and conditions of the Altera Program License 
Subscription Agreement, Altera MegaCore Function License 
Agreement, or other applicable license agreement, including, 
without limitation, that your use is for the sole purpose of 
programming logic devices manufactured by Altera and sold by 
Altera or its authorized distributors.  Please refer to the 
applicable agreement for further details.



+---------------------------------------------------------------+
; EDA Netlist Writer Summary                                    ;
+---------------------------+-----------------------------------+
; EDA Netlist Writer Status ; Failed - Sun Mar 23 01:10:18 2025 ;
; Revision Name             ; matching_stage                    ;
; Top-level Entity Name     ; matching_stage                    ;
; Family                    ; Cyclone II                        ;
+---------------------------+-----------------------------------+


+-----------------------------+
; EDA Netlist Writer Messages ;
+-----------------------------+
Info: *******************************************************************
Info: Running Quartus II 64-Bit EDA Netlist Writer
    Info: Version 13.0.1 Build 232 06/12/2013 Service Pack 1 SJ Web Edition
    Info: Processing started: Sun Mar 23 01:10:16 2025
Info: Command: quartus_eda --gen_testbench --check_outputs=on --tool=modelsim_oem --format=verilog matching_stage -c matching_stage --vector_source="C:/Users/Duc/A PLACE HOLDER/University/Code Graduate/Compress/Stateg1_datapath/quartus/Waveform.vwf" --testbench_file="C:/Users/Duc/A PLACE HOLDER/University/Code Graduate/Compress/Stateg1_datapath/simulation/modelsim/quartus/Waveform.vwf.vt"
Info (119006): Selected device EP2C35F672C6 for design "matching_stage"
Error (199013): HDL output file name "C:/Users/Duc/A PLACE HOLDER/University/Code Graduate/Compress/Stateg1_datapath/simulation/modelsim/quartus/Waveform.vwf.vt" used with --testbench_file option contains a non-existent directory path
Error: Quartus II 64-Bit EDA Netlist Writer was unsuccessful. 1 error, 0 warnings
    Error: Peak virtual memory: 4528 megabytes
    Error: Processing ended: Sun Mar 23 01:10:18 2025
    Error: Elapsed time: 00:00:02
    Error: Total CPU time (on all processors): 00:00:02


