Analysis & Synthesis report for decoder
Sat Apr 26 15:49:03 2025
Quartus II 64-Bit Version 13.0.1 Build 232 06/12/2013 Service Pack 1 SJ Web Edition


---------------------
; Table of Contents ;
---------------------
  1. Legal Notice
  2. Analysis & Synthesis Summary
  3. Analysis & Synthesis Settings
  4. Parallel Compilation
  5. Analysis & Synthesis Source Files Read
  6. Analysis & Synthesis Resource Usage Summary
  7. Analysis & Synthesis Resource Utilization by Entity
  8. User-Specified and Inferred Latches
  9. Registers Removed During Synthesis
 10. General Register Statistics
 11. Multiplexer Restructuring Statistics (Restructuring Performed)
 12. Parameter Settings for User Entity Instance: Top-level Entity: |decompressor
 13. Parameter Settings for User Entity Instance: unpacker:unpacker
 14. Parameter Settings for User Entity Instance: unpacker:unpacker|length_generator:length_gen1
 15. Parameter Settings for User Entity Instance: unpacker:unpacker|length_generator:length_gen2
 16. Parameter Settings for User Entity Instance: fifo_dict:dictionary
 17. Parameter Settings for User Entity Instance: fifo_dict:dictionary|fifo_ptr_gen:ptr_gen
 18. Parameter Settings for User Entity Instance: fifo_dict:dictionary|reg_file_dual:rf_dual
 19. Parameter Settings for User Entity Instance: decoder:decoder1
 20. Parameter Settings for User Entity Instance: decoder:decoder2
 21. Parameter Settings for User Entity Instance: reg_out:register_array3
 22. Parameter Settings for User Entity Instance: latch_module:latch_module
 23. Parameter Settings for User Entity Instance: three_input_carry_save_adder:carry_save_adder
 24. Parameter Settings for User Entity Instance: mux2_1:mux1
 25. Parameter Settings for User Entity Instance: barrel_shifter_d2:barrel_shifter2
 26. Parameter Settings for User Entity Instance: or_gate_d:or_gate
 27. Parameter Settings for User Entity Instance: mux2_1:mux2
 28. Parameter Settings for User Entity Instance: barrel_shifter_right:barrel_shifter1
 29. Parameter Settings for User Entity Instance: register_array:register_array1
 30. Parameter Settings for User Entity Instance: mux2_1:mux_out
 31. Port Connectivity Checks: "mux2_1:mux1"
 32. Elapsed Time Per Partition
 33. Analysis & Synthesis Messages
 34. Analysis & Synthesis Suppressed Messages



----------------
; Legal Notice ;
----------------
Copyright (C) 1991-2013 Altera Corporation
Your use of Altera Corporation's design tools, logic functions 
and other software and tools, and its AMPP partner logic 
functions, and any output files from any of the foregoing 
(including device programming or simulation files), and any 
associated documentation or information are expressly subject 
to the terms and conditions of the Altera Program License 
Subscription Agreement, Altera MegaCore Function License 
Agreement, or other applicable license agreement, including, 
without limitation, that your use is for the sole purpose of 
programming logic devices manufactured by Altera and sold by 
Altera or its authorized distributors.  Please refer to the 
applicable agreement for further details.



+--------------------------------------------------------------------------------------+
; Analysis & Synthesis Summary                                                         ;
+------------------------------------+-------------------------------------------------+
; Analysis & Synthesis Status        ; Successful - Sat Apr 26 15:49:03 2025           ;
; Quartus II 64-Bit Version          ; 13.0.1 Build 232 06/12/2013 SP 1 SJ Web Edition ;
; Revision Name                      ; decoder                                         ;
; Top-level Entity Name              ; decompressor                                    ;
; Family                             ; Cyclone II                                      ;
; Total logic elements               ; 6,075                                           ;
;     Total combinational functions  ; 5,443                                           ;
;     Dedicated logic registers      ; 1,175                                           ;
; Total registers                    ; 1175                                            ;
; Total pins                         ; 261                                             ;
; Total virtual pins                 ; 0                                               ;
; Total memory bits                  ; 0                                               ;
; Embedded Multiplier 9-bit elements ; 0                                               ;
; Total PLLs                         ; 0                                               ;
+------------------------------------+-------------------------------------------------+


+----------------------------------------------------------------------------------------------------------------------+
; Analysis & Synthesis Settings                                                                                        ;
+----------------------------------------------------------------------------+--------------------+--------------------+
; Option                                                                     ; Setting            ; Default Value      ;
+----------------------------------------------------------------------------+--------------------+--------------------+
; Device                                                                     ; EP2C35F672C6       ;                    ;
; Top-level entity name                                                      ; decompressor       ; decoder            ;
; Family name                                                                ; Cyclone II         ; Cyclone IV GX      ;
; Use smart compilation                                                      ; Off                ; Off                ;
; Enable parallel Assembler and TimeQuest Timing Analyzer during compilation ; On                 ; On                 ;
; Enable compact report table                                                ; Off                ; Off                ;
; Restructure Multiplexers                                                   ; Auto               ; Auto               ;
; Create Debugging Nodes for IP Cores                                        ; Off                ; Off                ;
; Preserve fewer node names                                                  ; On                 ; On                 ;
; Disable OpenCore Plus hardware evaluation                                  ; Off                ; Off                ;
; Verilog Version                                                            ; Verilog_2001       ; Verilog_2001       ;
; VHDL Version                                                               ; VHDL_1993          ; VHDL_1993          ;
; State Machine Processing                                                   ; Auto               ; Auto               ;
; Safe State Machine                                                         ; Off                ; Off                ;
; Extract Verilog State Machines                                             ; On                 ; On                 ;
; Extract VHDL State Machines                                                ; On                 ; On                 ;
; Ignore Verilog initial constructs                                          ; Off                ; Off                ;
; Iteration limit for constant Verilog loops                                 ; 5000               ; 5000               ;
; Iteration limit for non-constant Verilog loops                             ; 250                ; 250                ;
; Add Pass-Through Logic to Inferred RAMs                                    ; On                 ; On                 ;
; Infer RAMs from Raw Logic                                                  ; On                 ; On                 ;
; Parallel Synthesis                                                         ; On                 ; On                 ;
; DSP Block Balancing                                                        ; Auto               ; Auto               ;
; NOT Gate Push-Back                                                         ; On                 ; On                 ;
; Power-Up Don't Care                                                        ; On                 ; On                 ;
; Remove Redundant Logic Cells                                               ; Off                ; Off                ;
; Remove Duplicate Registers                                                 ; On                 ; On                 ;
; Ignore CARRY Buffers                                                       ; Off                ; Off                ;
; Ignore CASCADE Buffers                                                     ; Off                ; Off                ;
; Ignore GLOBAL Buffers                                                      ; Off                ; Off                ;
; Ignore ROW GLOBAL Buffers                                                  ; Off                ; Off                ;
; Ignore LCELL Buffers                                                       ; Off                ; Off                ;
; Ignore SOFT Buffers                                                        ; On                 ; On                 ;
; Limit AHDL Integers to 32 Bits                                             ; Off                ; Off                ;
; Optimization Technique                                                     ; Balanced           ; Balanced           ;
; Carry Chain Length                                                         ; 70                 ; 70                 ;
; Auto Carry Chains                                                          ; On                 ; On                 ;
; Auto Open-Drain Pins                                                       ; On                 ; On                 ;
; Perform WYSIWYG Primitive Resynthesis                                      ; Off                ; Off                ;
; Auto ROM Replacement                                                       ; On                 ; On                 ;
; Auto RAM Replacement                                                       ; On                 ; On                 ;
; Auto Shift Register Replacement                                            ; Auto               ; Auto               ;
; Allow Shift Register Merging across Hierarchies                            ; Auto               ; Auto               ;
; Auto Clock Enable Replacement                                              ; On                 ; On                 ;
; Strict RAM Replacement                                                     ; Off                ; Off                ;
; Allow Synchronous Control Signals                                          ; On                 ; On                 ;
; Force Use of Synchronous Clear Signals                                     ; Off                ; Off                ;
; Auto RAM to Logic Cell Conversion                                          ; Off                ; Off                ;
; Auto Resource Sharing                                                      ; Off                ; Off                ;
; Allow Any RAM Size For Recognition                                         ; Off                ; Off                ;
; Allow Any ROM Size For Recognition                                         ; Off                ; Off                ;
; Allow Any Shift Register Size For Recognition                              ; Off                ; Off                ;
; Use LogicLock Constraints during Resource Balancing                        ; On                 ; On                 ;
; Ignore translate_off and synthesis_off directives                          ; Off                ; Off                ;
; Timing-Driven Synthesis                                                    ; Off                ; Off                ;
; Report Parameter Settings                                                  ; On                 ; On                 ;
; Report Source Assignments                                                  ; On                 ; On                 ;
; Report Connectivity Checks                                                 ; On                 ; On                 ;
; Ignore Maximum Fan-Out Assignments                                         ; Off                ; Off                ;
; Synchronization Register Chain Length                                      ; 2                  ; 2                  ;
; PowerPlay Power Optimization                                               ; Normal compilation ; Normal compilation ;
; HDL message level                                                          ; Level2             ; Level2             ;
; Suppress Register Optimization Related Messages                            ; Off                ; Off                ;
; Number of Removed Registers Reported in Synthesis Report                   ; 5000               ; 5000               ;
; Number of Swept Nodes Reported in Synthesis Report                         ; 5000               ; 5000               ;
; Number of Inverted Registers Reported in Synthesis Report                  ; 100                ; 100                ;
; Clock MUX Protection                                                       ; On                 ; On                 ;
; Auto Gated Clock Conversion                                                ; Off                ; Off                ;
; Block Design Naming                                                        ; Auto               ; Auto               ;
; SDC constraint protection                                                  ; Off                ; Off                ;
; Synthesis Effort                                                           ; Auto               ; Auto               ;
; Shift Register Replacement - Allow Asynchronous Clear Signal               ; On                 ; On                 ;
; Pre-Mapping Resynthesis Optimization                                       ; Off                ; Off                ;
; Analysis & Synthesis Message Level                                         ; Medium             ; Medium             ;
; Disable Register Merging Across Hierarchies                                ; Auto               ; Auto               ;
; Resource Aware Inference For Block RAM                                     ; On                 ; On                 ;
; Synthesis Seed                                                             ; 1                  ; 1                  ;
+----------------------------------------------------------------------------+--------------------+--------------------+


Parallel compilation was disabled, but you have multiple processors available. Enable parallel compilation to reduce compilation time.
+-------------------------------------+
; Parallel Compilation                ;
+----------------------------+--------+
; Processors                 ; Number ;
+----------------------------+--------+
; Number detected on machine ; 8      ;
; Maximum allowed            ; 1      ;
+----------------------------+--------+


+--------------------------------------------------------------------------------------------------------------------------------------------------------------------------------------------------------------------------------------+
; Analysis & Synthesis Source Files Read                                                                                                                                                                                               ;
+----------------------------------------+-----------------+------------------------------+----------------------------------------------------------------------------------------------------------------------------------+---------+
; File Name with User-Entered Path       ; Used in Netlist ; File Type                    ; File Name with Absolute Path                                                                                                     ; Library ;
+----------------------------------------+-----------------+------------------------------+----------------------------------------------------------------------------------------------------------------------------------+---------+
; ../src/barrel_shifter_right.sv         ; yes             ; User SystemVerilog HDL File  ; C:/Users/Duc/A PLACE HOLDER/GitHub/Code Graduate/Code_Graduate/Decompress/Word_Decompressing/src/barrel_shifter_right.sv         ;         ;
; ../src/reg_out.sv                      ; yes             ; User SystemVerilog HDL File  ; C:/Users/Duc/A PLACE HOLDER/GitHub/Code Graduate/Code_Graduate/Decompress/Word_Decompressing/src/reg_out.sv                      ;         ;
; ../src/latch_module.sv                 ; yes             ; User SystemVerilog HDL File  ; C:/Users/Duc/A PLACE HOLDER/GitHub/Code Graduate/Code_Graduate/Decompress/Word_Decompressing/src/latch_module.sv                 ;         ;
; ../src/barrel_shifter_d2.sv            ; yes             ; User SystemVerilog HDL File  ; C:/Users/Duc/A PLACE HOLDER/GitHub/Code Graduate/Code_Graduate/Decompress/Word_Decompressing/src/barrel_shifter_d2.sv            ;         ;
; ../src/or_gate_d.sv                    ; yes             ; User SystemVerilog HDL File  ; C:/Users/Duc/A PLACE HOLDER/GitHub/Code Graduate/Code_Graduate/Decompress/Word_Decompressing/src/or_gate_d.sv                    ;         ;
; ../src/register_array.sv               ; yes             ; User SystemVerilog HDL File  ; C:/Users/Duc/A PLACE HOLDER/GitHub/Code Graduate/Code_Graduate/Decompress/Word_Decompressing/src/register_array.sv               ;         ;
; ../src/mux2_1.sv                       ; yes             ; User SystemVerilog HDL File  ; C:/Users/Duc/A PLACE HOLDER/GitHub/Code Graduate/Code_Graduate/Decompress/Word_Decompressing/src/mux2_1.sv                       ;         ;
; ../src/comparator.sv                   ; yes             ; User SystemVerilog HDL File  ; C:/Users/Duc/A PLACE HOLDER/GitHub/Code Graduate/Code_Graduate/Decompress/Word_Decompressing/src/comparator.sv                   ;         ;
; ../src/three_input_carry_save_adder.sv ; yes             ; User SystemVerilog HDL File  ; C:/Users/Duc/A PLACE HOLDER/GitHub/Code Graduate/Code_Graduate/Decompress/Word_Decompressing/src/three_input_carry_save_adder.sv ;         ;
; ../src/fifo_dict.sv                    ; yes             ; User SystemVerilog HDL File  ; C:/Users/Duc/A PLACE HOLDER/GitHub/Code Graduate/Code_Graduate/Decompress/Word_Decompressing/src/fifo_dict.sv                    ;         ;
; ../src/decompressor.sv                 ; yes             ; User SystemVerilog HDL File  ; C:/Users/Duc/A PLACE HOLDER/GitHub/Code Graduate/Code_Graduate/Decompress/Word_Decompressing/src/decompressor.sv                 ;         ;
; ../src/control_signal_generator.sv     ; yes             ; User SystemVerilog HDL File  ; C:/Users/Duc/A PLACE HOLDER/GitHub/Code Graduate/Code_Graduate/Decompress/Word_Decompressing/src/control_signal_generator.sv     ;         ;
; ../src/unpacker.sv                     ; yes             ; User SystemVerilog HDL File  ; C:/Users/Duc/A PLACE HOLDER/GitHub/Code Graduate/Code_Graduate/Decompress/Word_Decompressing/src/unpacker.sv                     ;         ;
; ../src/length_generator.sv             ; yes             ; User SystemVerilog HDL File  ; C:/Users/Duc/A PLACE HOLDER/GitHub/Code Graduate/Code_Graduate/Decompress/Word_Decompressing/src/length_generator.sv             ;         ;
; ../src/decoder.sv                      ; yes             ; User SystemVerilog HDL File  ; C:/Users/Duc/A PLACE HOLDER/GitHub/Code Graduate/Code_Graduate/Decompress/Word_Decompressing/src/decoder.sv                      ;         ;
+----------------------------------------+-----------------+------------------------------+----------------------------------------------------------------------------------------------------------------------------------+---------+


+-------------------------------------------------------+
; Analysis & Synthesis Resource Usage Summary           ;
+---------------------------------------------+---------+
; Resource                                    ; Usage   ;
+---------------------------------------------+---------+
; Estimated Total logic elements              ; 6,075   ;
;                                             ;         ;
; Total combinational functions               ; 5443    ;
; Logic element usage by number of LUT inputs ;         ;
;     -- 4 input functions                    ; 4295    ;
;     -- 3 input functions                    ; 1096    ;
;     -- <=2 input functions                  ; 52      ;
;                                             ;         ;
; Logic elements by mode                      ;         ;
;     -- normal mode                          ; 5427    ;
;     -- arithmetic mode                      ; 16      ;
;                                             ;         ;
; Total registers                             ; 1175    ;
;     -- Dedicated logic registers            ; 1175    ;
;     -- I/O registers                        ; 0       ;
;                                             ;         ;
; I/O pins                                    ; 261     ;
; Embedded Multiplier 9-bit elements          ; 0       ;
; Maximum fan-out node                        ; i_reset ;
; Maximum fan-out                             ; 1411    ;
; Total fan-out                               ; 24985   ;
; Average fan-out                             ; 3.63    ;
+---------------------------------------------+---------+


+----------------------------------------------------------------------------------------------------------------------------------------------------------------------------------------------------------------------------------------------+
; Analysis & Synthesis Resource Utilization by Entity                                                                                                                                                                                          ;
+----------------------------------------------------+-------------------+--------------+-------------+--------------+---------+-----------+------+--------------+--------------------------------------------------------------+--------------+
; Compilation Hierarchy Node                         ; LC Combinationals ; LC Registers ; Memory Bits ; DSP Elements ; DSP 9x9 ; DSP 18x18 ; Pins ; Virtual Pins ; Full Hierarchy Name                                          ; Library Name ;
+----------------------------------------------------+-------------------+--------------+-------------+--------------+---------+-----------+------+--------------+--------------------------------------------------------------+--------------+
; |decompressor                                      ; 5443 (260)        ; 1175 (1)     ; 0           ; 0            ; 0       ; 0         ; 261  ; 0            ; |decompressor                                                ; work         ;
;    |barrel_shifter_d2:barrel_shifter2|             ; 761 (761)         ; 0 (0)        ; 0           ; 0            ; 0       ; 0         ; 0    ; 0            ; |decompressor|barrel_shifter_d2:barrel_shifter2              ; work         ;
;    |barrel_shifter_right:barrel_shifter1|          ; 836 (836)         ; 0 (0)        ; 0           ; 0            ; 0       ; 0         ; 0    ; 0            ; |decompressor|barrel_shifter_right:barrel_shifter1           ; work         ;
;    |comparator:substracter|                        ; 4 (4)             ; 0 (0)        ; 0           ; 0            ; 0       ; 0         ; 0    ; 0            ; |decompressor|comparator:substracter                         ; work         ;
;    |control_signal_generator:control_signal_gen|   ; 2 (2)             ; 0 (0)        ; 0           ; 0            ; 0       ; 0         ; 0    ; 0            ; |decompressor|control_signal_generator:control_signal_gen    ; work         ;
;    |decoder:decoder1|                              ; 411 (411)         ; 0 (0)        ; 0           ; 0            ; 0       ; 0         ; 0    ; 0            ; |decompressor|decoder:decoder1                               ; work         ;
;    |decoder:decoder2|                              ; 439 (439)         ; 0 (0)        ; 0           ; 0            ; 0       ; 0         ; 0    ; 0            ; |decompressor|decoder:decoder2                               ; work         ;
;    |fifo_dict:dictionary|                          ; 424 (0)           ; 518 (0)      ; 0           ; 0            ; 0       ; 0         ; 0    ; 0            ; |decompressor|fifo_dict:dictionary                           ; work         ;
;       |fifo_ptr_gen:ptr_gen|                       ; 6 (6)             ; 6 (6)        ; 0           ; 0            ; 0       ; 0         ; 0    ; 0            ; |decompressor|fifo_dict:dictionary|fifo_ptr_gen:ptr_gen      ; work         ;
;       |reg_file_dual:rf_dual|                      ; 418 (418)         ; 512 (512)    ; 0           ; 0            ; 0       ; 0         ; 0    ; 0            ; |decompressor|fifo_dict:dictionary|reg_file_dual:rf_dual     ; work         ;
;    |latch_module:latch_module|                     ; 128 (128)         ; 0 (0)        ; 0           ; 0            ; 0       ; 0         ; 0    ; 0            ; |decompressor|latch_module:latch_module                      ; work         ;
;    |mux2_1:mux1|                                   ; 6 (6)             ; 0 (0)        ; 0           ; 0            ; 0       ; 0         ; 0    ; 0            ; |decompressor|mux2_1:mux1                                    ; work         ;
;    |mux2_1:mux2|                                   ; 732 (732)         ; 0 (0)        ; 0           ; 0            ; 0       ; 0         ; 0    ; 0            ; |decompressor|mux2_1:mux2                                    ; work         ;
;    |mux2_1:mux_out|                                ; 128 (128)         ; 0 (0)        ; 0           ; 0            ; 0       ; 0         ; 0    ; 0            ; |decompressor|mux2_1:mux_out                                 ; work         ;
;    |reg_out:register_array3|                       ; 1 (1)             ; 257 (257)    ; 0           ; 0            ; 0       ; 0         ; 0    ; 0            ; |decompressor|reg_out:register_array3                        ; work         ;
;    |register_array:register_array1|                ; 0 (0)             ; 196 (196)    ; 0           ; 0            ; 0       ; 0         ; 0    ; 0            ; |decompressor|register_array:register_array1                 ; work         ;
;    |three_input_carry_save_adder:carry_save_adder| ; 6 (6)             ; 0 (0)        ; 0           ; 0            ; 0       ; 0         ; 0    ; 0            ; |decompressor|three_input_carry_save_adder:carry_save_adder  ; work         ;
;    |unpacker:unpacker|                             ; 1305 (1296)       ; 203 (203)    ; 0           ; 0            ; 0       ; 0         ; 0    ; 0            ; |decompressor|unpacker:unpacker                              ; work         ;
;       |length_generator:length_gen1|               ; 4 (4)             ; 0 (0)        ; 0           ; 0            ; 0       ; 0         ; 0    ; 0            ; |decompressor|unpacker:unpacker|length_generator:length_gen1 ; work         ;
;       |length_generator:length_gen2|               ; 5 (5)             ; 0 (0)        ; 0           ; 0            ; 0       ; 0         ; 0    ; 0            ; |decompressor|unpacker:unpacker|length_generator:length_gen2 ; work         ;
+----------------------------------------------------+-------------------+--------------+-------------+--------------+---------+-----------+------+--------------+--------------------------------------------------------------+--------------+
Note: For table entries with two numbers listed, the numbers in parentheses indicate the number of resources of the given type used by the specific entity alone. The numbers listed outside of parentheses indicate the total resources of the given type used by the specific entity and all of its sub-entities in the hierarchy.


+-----------------------------------------------------------------------------------------------------------------+
; User-Specified and Inferred Latches                                                                             ;
+------------------------------------------------------+---------------------------------+------------------------+
; Latch Name                                           ; Latch Enable Signal             ; Free of Timing Hazards ;
+------------------------------------------------------+---------------------------------+------------------------+
; latch_module:latch_module|o_word[0]                  ; reg_out:register_array3|o_count ; yes                    ;
; latch_module:latch_module|o_word[1]                  ; reg_out:register_array3|o_count ; yes                    ;
; latch_module:latch_module|o_word[2]                  ; reg_out:register_array3|o_count ; yes                    ;
; latch_module:latch_module|o_word[3]                  ; reg_out:register_array3|o_count ; yes                    ;
; latch_module:latch_module|o_word[4]                  ; reg_out:register_array3|o_count ; yes                    ;
; latch_module:latch_module|o_word[5]                  ; reg_out:register_array3|o_count ; yes                    ;
; latch_module:latch_module|o_word[6]                  ; reg_out:register_array3|o_count ; yes                    ;
; latch_module:latch_module|o_word[7]                  ; reg_out:register_array3|o_count ; yes                    ;
; latch_module:latch_module|o_word[8]                  ; reg_out:register_array3|o_count ; yes                    ;
; latch_module:latch_module|o_word[9]                  ; reg_out:register_array3|o_count ; yes                    ;
; latch_module:latch_module|o_word[10]                 ; reg_out:register_array3|o_count ; yes                    ;
; latch_module:latch_module|o_word[11]                 ; reg_out:register_array3|o_count ; yes                    ;
; latch_module:latch_module|o_word[12]                 ; reg_out:register_array3|o_count ; yes                    ;
; latch_module:latch_module|o_word[13]                 ; reg_out:register_array3|o_count ; yes                    ;
; latch_module:latch_module|o_word[14]                 ; reg_out:register_array3|o_count ; yes                    ;
; latch_module:latch_module|o_word[15]                 ; reg_out:register_array3|o_count ; yes                    ;
; latch_module:latch_module|o_word[16]                 ; reg_out:register_array3|o_count ; yes                    ;
; latch_module:latch_module|o_word[17]                 ; reg_out:register_array3|o_count ; yes                    ;
; latch_module:latch_module|o_word[18]                 ; reg_out:register_array3|o_count ; yes                    ;
; latch_module:latch_module|o_word[19]                 ; reg_out:register_array3|o_count ; yes                    ;
; latch_module:latch_module|o_word[20]                 ; reg_out:register_array3|o_count ; yes                    ;
; latch_module:latch_module|o_word[21]                 ; reg_out:register_array3|o_count ; yes                    ;
; latch_module:latch_module|o_word[22]                 ; reg_out:register_array3|o_count ; yes                    ;
; latch_module:latch_module|o_word[23]                 ; reg_out:register_array3|o_count ; yes                    ;
; latch_module:latch_module|o_word[24]                 ; reg_out:register_array3|o_count ; yes                    ;
; latch_module:latch_module|o_word[25]                 ; reg_out:register_array3|o_count ; yes                    ;
; latch_module:latch_module|o_word[26]                 ; reg_out:register_array3|o_count ; yes                    ;
; latch_module:latch_module|o_word[27]                 ; reg_out:register_array3|o_count ; yes                    ;
; latch_module:latch_module|o_word[28]                 ; reg_out:register_array3|o_count ; yes                    ;
; latch_module:latch_module|o_word[29]                 ; reg_out:register_array3|o_count ; yes                    ;
; latch_module:latch_module|o_word[30]                 ; reg_out:register_array3|o_count ; yes                    ;
; latch_module:latch_module|o_word[31]                 ; reg_out:register_array3|o_count ; yes                    ;
; latch_module:latch_module|o_word[32]                 ; reg_out:register_array3|o_count ; yes                    ;
; latch_module:latch_module|o_word[33]                 ; reg_out:register_array3|o_count ; yes                    ;
; latch_module:latch_module|o_word[34]                 ; reg_out:register_array3|o_count ; yes                    ;
; latch_module:latch_module|o_word[35]                 ; reg_out:register_array3|o_count ; yes                    ;
; latch_module:latch_module|o_word[36]                 ; reg_out:register_array3|o_count ; yes                    ;
; latch_module:latch_module|o_word[37]                 ; reg_out:register_array3|o_count ; yes                    ;
; latch_module:latch_module|o_word[38]                 ; reg_out:register_array3|o_count ; yes                    ;
; latch_module:latch_module|o_word[39]                 ; reg_out:register_array3|o_count ; yes                    ;
; latch_module:latch_module|o_word[40]                 ; reg_out:register_array3|o_count ; yes                    ;
; latch_module:latch_module|o_word[41]                 ; reg_out:register_array3|o_count ; yes                    ;
; latch_module:latch_module|o_word[42]                 ; reg_out:register_array3|o_count ; yes                    ;
; latch_module:latch_module|o_word[43]                 ; reg_out:register_array3|o_count ; yes                    ;
; latch_module:latch_module|o_word[44]                 ; reg_out:register_array3|o_count ; yes                    ;
; latch_module:latch_module|o_word[45]                 ; reg_out:register_array3|o_count ; yes                    ;
; latch_module:latch_module|o_word[46]                 ; reg_out:register_array3|o_count ; yes                    ;
; latch_module:latch_module|o_word[47]                 ; reg_out:register_array3|o_count ; yes                    ;
; latch_module:latch_module|o_word[48]                 ; reg_out:register_array3|o_count ; yes                    ;
; latch_module:latch_module|o_word[49]                 ; reg_out:register_array3|o_count ; yes                    ;
; latch_module:latch_module|o_word[50]                 ; reg_out:register_array3|o_count ; yes                    ;
; latch_module:latch_module|o_word[51]                 ; reg_out:register_array3|o_count ; yes                    ;
; latch_module:latch_module|o_word[52]                 ; reg_out:register_array3|o_count ; yes                    ;
; latch_module:latch_module|o_word[53]                 ; reg_out:register_array3|o_count ; yes                    ;
; latch_module:latch_module|o_word[54]                 ; reg_out:register_array3|o_count ; yes                    ;
; latch_module:latch_module|o_word[55]                 ; reg_out:register_array3|o_count ; yes                    ;
; latch_module:latch_module|o_word[56]                 ; reg_out:register_array3|o_count ; yes                    ;
; latch_module:latch_module|o_word[57]                 ; reg_out:register_array3|o_count ; yes                    ;
; latch_module:latch_module|o_word[58]                 ; reg_out:register_array3|o_count ; yes                    ;
; latch_module:latch_module|o_word[59]                 ; reg_out:register_array3|o_count ; yes                    ;
; latch_module:latch_module|o_word[60]                 ; reg_out:register_array3|o_count ; yes                    ;
; latch_module:latch_module|o_word[61]                 ; reg_out:register_array3|o_count ; yes                    ;
; latch_module:latch_module|o_word[62]                 ; reg_out:register_array3|o_count ; yes                    ;
; latch_module:latch_module|o_word[63]                 ; reg_out:register_array3|o_count ; yes                    ;
; latch_module:latch_module|o_word[64]                 ; reg_out:register_array3|o_count ; yes                    ;
; latch_module:latch_module|o_word[65]                 ; reg_out:register_array3|o_count ; yes                    ;
; latch_module:latch_module|o_word[66]                 ; reg_out:register_array3|o_count ; yes                    ;
; latch_module:latch_module|o_word[67]                 ; reg_out:register_array3|o_count ; yes                    ;
; latch_module:latch_module|o_word[68]                 ; reg_out:register_array3|o_count ; yes                    ;
; latch_module:latch_module|o_word[69]                 ; reg_out:register_array3|o_count ; yes                    ;
; latch_module:latch_module|o_word[70]                 ; reg_out:register_array3|o_count ; yes                    ;
; latch_module:latch_module|o_word[71]                 ; reg_out:register_array3|o_count ; yes                    ;
; latch_module:latch_module|o_word[72]                 ; reg_out:register_array3|o_count ; yes                    ;
; latch_module:latch_module|o_word[73]                 ; reg_out:register_array3|o_count ; yes                    ;
; latch_module:latch_module|o_word[74]                 ; reg_out:register_array3|o_count ; yes                    ;
; latch_module:latch_module|o_word[75]                 ; reg_out:register_array3|o_count ; yes                    ;
; latch_module:latch_module|o_word[76]                 ; reg_out:register_array3|o_count ; yes                    ;
; latch_module:latch_module|o_word[77]                 ; reg_out:register_array3|o_count ; yes                    ;
; latch_module:latch_module|o_word[78]                 ; reg_out:register_array3|o_count ; yes                    ;
; latch_module:latch_module|o_word[79]                 ; reg_out:register_array3|o_count ; yes                    ;
; latch_module:latch_module|o_word[80]                 ; reg_out:register_array3|o_count ; yes                    ;
; latch_module:latch_module|o_word[81]                 ; reg_out:register_array3|o_count ; yes                    ;
; latch_module:latch_module|o_word[82]                 ; reg_out:register_array3|o_count ; yes                    ;
; latch_module:latch_module|o_word[83]                 ; reg_out:register_array3|o_count ; yes                    ;
; latch_module:latch_module|o_word[84]                 ; reg_out:register_array3|o_count ; yes                    ;
; latch_module:latch_module|o_word[85]                 ; reg_out:register_array3|o_count ; yes                    ;
; latch_module:latch_module|o_word[86]                 ; reg_out:register_array3|o_count ; yes                    ;
; latch_module:latch_module|o_word[87]                 ; reg_out:register_array3|o_count ; yes                    ;
; latch_module:latch_module|o_word[88]                 ; reg_out:register_array3|o_count ; yes                    ;
; latch_module:latch_module|o_word[89]                 ; reg_out:register_array3|o_count ; yes                    ;
; latch_module:latch_module|o_word[90]                 ; reg_out:register_array3|o_count ; yes                    ;
; latch_module:latch_module|o_word[91]                 ; reg_out:register_array3|o_count ; yes                    ;
; latch_module:latch_module|o_word[92]                 ; reg_out:register_array3|o_count ; yes                    ;
; latch_module:latch_module|o_word[93]                 ; reg_out:register_array3|o_count ; yes                    ;
; latch_module:latch_module|o_word[94]                 ; reg_out:register_array3|o_count ; yes                    ;
; latch_module:latch_module|o_word[95]                 ; reg_out:register_array3|o_count ; yes                    ;
; latch_module:latch_module|o_word[96]                 ; reg_out:register_array3|o_count ; yes                    ;
; latch_module:latch_module|o_word[97]                 ; reg_out:register_array3|o_count ; yes                    ;
; latch_module:latch_module|o_word[98]                 ; reg_out:register_array3|o_count ; yes                    ;
; latch_module:latch_module|o_word[99]                 ; reg_out:register_array3|o_count ; yes                    ;
; Number of user-specified and inferred latches = 128  ;                                 ;                        ;
+------------------------------------------------------+---------------------------------+------------------------+
Table restricted to first 100 entries. Note: All latches listed above may not be present at the end of synthesis due to various synthesis optimizations.


+--------------------------------------------------------------------------------+
; Registers Removed During Synthesis                                             ;
+---------------------------------------+----------------------------------------+
; Register name                         ; Reason for Removal                     ;
+---------------------------------------+----------------------------------------+
; unpacker:unpacker|o_remain_length[0]  ; Stuck at GND due to stuck port data_in ;
; Total Number of Removed Registers = 1 ;                                        ;
+---------------------------------------+----------------------------------------+


+------------------------------------------------------+
; General Register Statistics                          ;
+----------------------------------------------+-------+
; Statistic                                    ; Value ;
+----------------------------------------------+-------+
; Total registers                              ; 1175  ;
; Number of registers using Synchronous Clear  ; 328   ;
; Number of registers using Synchronous Load   ; 364   ;
; Number of registers using Asynchronous Clear ; 535   ;
; Number of registers using Asynchronous Load  ; 0     ;
; Number of registers using Clock Enable       ; 644   ;
; Number of registers using Preset             ; 0     ;
+----------------------------------------------+-------+


+-----------------------------------------------------------------------------------------------------------------------------------------------------------------------------------------+
; Multiplexer Restructuring Statistics (Restructuring Performed)                                                                                                                          ;
+--------------------+-----------+---------------+----------------------+------------------------+------------+---------------------------------------------------------------------------+
; Multiplexer Inputs ; Bus Width ; Baseline Area ; Area if Restructured ; Saving if Restructured ; Registered ; Example Multiplexer Output                                                ;
+--------------------+-----------+---------------+----------------------+------------------------+------------+---------------------------------------------------------------------------+
; 4:1                ; 64 bits   ; 128 LEs       ; 128 LEs              ; 0 LEs                  ; Yes        ; |decompressor|unpacker:unpacker|shifted_data_r[154]                       ;
; 4:1                ; 68 bits   ; 136 LEs       ; 136 LEs              ; 0 LEs                  ; Yes        ; |decompressor|unpacker:unpacker|shifted_data_r[130]                       ;
; 5:1                ; 32 bits   ; 96 LEs        ; 96 LEs               ; 0 LEs                  ; Yes        ; |decompressor|unpacker:unpacker|shifted_data_r[52]                        ;
; 6:1                ; 16 bits   ; 64 LEs        ; 64 LEs               ; 0 LEs                  ; Yes        ; |decompressor|unpacker:unpacker|shifted_data_r[28]                        ;
; 7:1                ; 8 bits    ; 32 LEs        ; 32 LEs               ; 0 LEs                  ; Yes        ; |decompressor|unpacker:unpacker|shifted_data_r[13]                        ;
; 6:1                ; 32 bits   ; 128 LEs       ; 64 LEs               ; 64 LEs                 ; Yes        ; |decompressor|fifo_dict:dictionary|reg_file_dual:rf_dual|regs1[7][18]     ;
; 6:1                ; 32 bits   ; 128 LEs       ; 64 LEs               ; 64 LEs                 ; Yes        ; |decompressor|fifo_dict:dictionary|reg_file_dual:rf_dual|regs1[6][10]     ;
; 6:1                ; 32 bits   ; 128 LEs       ; 64 LEs               ; 64 LEs                 ; Yes        ; |decompressor|fifo_dict:dictionary|reg_file_dual:rf_dual|regs1[5][25]     ;
; 6:1                ; 32 bits   ; 128 LEs       ; 64 LEs               ; 64 LEs                 ; Yes        ; |decompressor|fifo_dict:dictionary|reg_file_dual:rf_dual|regs1[4][1]      ;
; 6:1                ; 32 bits   ; 128 LEs       ; 64 LEs               ; 64 LEs                 ; Yes        ; |decompressor|fifo_dict:dictionary|reg_file_dual:rf_dual|regs1[3][27]     ;
; 6:1                ; 32 bits   ; 128 LEs       ; 64 LEs               ; 64 LEs                 ; Yes        ; |decompressor|fifo_dict:dictionary|reg_file_dual:rf_dual|regs1[2][30]     ;
; 6:1                ; 32 bits   ; 128 LEs       ; 64 LEs               ; 64 LEs                 ; Yes        ; |decompressor|fifo_dict:dictionary|reg_file_dual:rf_dual|regs1[1][14]     ;
; 6:1                ; 32 bits   ; 128 LEs       ; 64 LEs               ; 64 LEs                 ; Yes        ; |decompressor|fifo_dict:dictionary|reg_file_dual:rf_dual|regs1[0][12]     ;
; 6:1                ; 32 bits   ; 128 LEs       ; 64 LEs               ; 64 LEs                 ; Yes        ; |decompressor|fifo_dict:dictionary|reg_file_dual:rf_dual|regs2[7][21]     ;
; 6:1                ; 32 bits   ; 128 LEs       ; 64 LEs               ; 64 LEs                 ; Yes        ; |decompressor|fifo_dict:dictionary|reg_file_dual:rf_dual|regs2[6][20]     ;
; 6:1                ; 32 bits   ; 128 LEs       ; 64 LEs               ; 64 LEs                 ; Yes        ; |decompressor|fifo_dict:dictionary|reg_file_dual:rf_dual|regs2[5][13]     ;
; 6:1                ; 32 bits   ; 128 LEs       ; 64 LEs               ; 64 LEs                 ; Yes        ; |decompressor|fifo_dict:dictionary|reg_file_dual:rf_dual|regs2[4][27]     ;
; 6:1                ; 32 bits   ; 128 LEs       ; 64 LEs               ; 64 LEs                 ; Yes        ; |decompressor|fifo_dict:dictionary|reg_file_dual:rf_dual|regs2[3][30]     ;
; 6:1                ; 32 bits   ; 128 LEs       ; 64 LEs               ; 64 LEs                 ; Yes        ; |decompressor|fifo_dict:dictionary|reg_file_dual:rf_dual|regs2[2][15]     ;
; 6:1                ; 32 bits   ; 128 LEs       ; 64 LEs               ; 64 LEs                 ; Yes        ; |decompressor|fifo_dict:dictionary|reg_file_dual:rf_dual|regs2[1][4]      ;
; 6:1                ; 32 bits   ; 128 LEs       ; 64 LEs               ; 64 LEs                 ; Yes        ; |decompressor|fifo_dict:dictionary|reg_file_dual:rf_dual|regs2[0][29]     ;
; 8:1                ; 4 bits    ; 20 LEs        ; 20 LEs               ; 0 LEs                  ; Yes        ; |decompressor|unpacker:unpacker|shifted_data_r[5]                         ;
; 9:1                ; 4 bits    ; 24 LEs        ; 20 LEs               ; 4 LEs                  ; Yes        ; |decompressor|unpacker:unpacker|shifted_data_r[2]                         ;
; 3:1                ; 2 bits    ; 4 LEs         ; 2 LEs                ; 2 LEs                  ; No         ; |decompressor|unpacker:unpacker|length_generator:length_gen1|o_length1[4] ;
; 3:1                ; 2 bits    ; 4 LEs         ; 2 LEs                ; 2 LEs                  ; No         ; |decompressor|unpacker:unpacker|length_generator:length_gen2|o_length1[4] ;
; 3:1                ; 32 bits   ; 64 LEs        ; 64 LEs               ; 0 LEs                  ; No         ; |decompressor|barrel_shifter_right:barrel_shifter1|o_data[39]             ;
; 3:1                ; 32 bits   ; 64 LEs        ; 64 LEs               ; 0 LEs                  ; No         ; |decompressor|barrel_shifter_d2:barrel_shifter2|o_word[190]               ;
; 3:1                ; 27 bits   ; 54 LEs        ; 54 LEs               ; 0 LEs                  ; No         ; |decompressor|barrel_shifter_d2:barrel_shifter2|o_word[145]               ;
; 5:1                ; 2 bits    ; 6 LEs         ; 6 LEs                ; 0 LEs                  ; No         ; |decompressor|unpacker:unpacker|length_generator:length_gen1|o_length1[2] ;
; 4:1                ; 2 bits    ; 4 LEs         ; 4 LEs                ; 0 LEs                  ; No         ; |decompressor|ShiftRight0                                                 ;
; 5:1                ; 2 bits    ; 6 LEs         ; 6 LEs                ; 0 LEs                  ; No         ; |decompressor|unpacker:unpacker|length_generator:length_gen2|o_length1[5] ;
; 4:1                ; 16 bits   ; 32 LEs        ; 32 LEs               ; 0 LEs                  ; No         ; |decompressor|barrel_shifter_right:barrel_shifter1|o_data[31]             ;
; 8:1                ; 32 bits   ; 160 LEs       ; 160 LEs              ; 0 LEs                  ; No         ; |decompressor|fifo_dict:dictionary|reg_file_dual:rf_dual|Mux54            ;
; 8:1                ; 32 bits   ; 160 LEs       ; 160 LEs              ; 0 LEs                  ; No         ; |decompressor|fifo_dict:dictionary|reg_file_dual:rf_dual|Mux21            ;
; 3:1                ; 4 bits    ; 8 LEs         ; 8 LEs                ; 0 LEs                  ; No         ; |decompressor|unpacker:unpacker|o_idx1[2]                                 ;
; 3:1                ; 2 bits    ; 4 LEs         ; 4 LEs                ; 0 LEs                  ; No         ; |decompressor|unpacker:unpacker|o_idx2[1]                                 ;
; 5:1                ; 8 bits    ; 24 LEs        ; 24 LEs               ; 0 LEs                  ; No         ; |decompressor|ShiftRight0                                                 ;
; 5:1                ; 8 bits    ; 24 LEs        ; 24 LEs               ; 0 LEs                  ; No         ; |decompressor|ShiftRight0                                                 ;
; 5:1                ; 8 bits    ; 24 LEs        ; 24 LEs               ; 0 LEs                  ; No         ; |decompressor|barrel_shifter_right:barrel_shifter1|o_data[11]             ;
; 6:1                ; 4 bits    ; 16 LEs        ; 16 LEs               ; 0 LEs                  ; No         ; |decompressor|ShiftRight0                                                 ;
; 6:1                ; 4 bits    ; 16 LEs        ; 16 LEs               ; 0 LEs                  ; No         ; |decompressor|ShiftRight0                                                 ;
; 6:1                ; 4 bits    ; 16 LEs        ; 16 LEs               ; 0 LEs                  ; No         ; |decompressor|barrel_shifter_right:barrel_shifter1|o_data[4]              ;
; 7:1                ; 2 bits    ; 8 LEs         ; 8 LEs                ; 0 LEs                  ; No         ; |decompressor|ShiftRight0                                                 ;
; 7:1                ; 2 bits    ; 8 LEs         ; 8 LEs                ; 0 LEs                  ; No         ; |decompressor|ShiftRight0                                                 ;
; 7:1                ; 4 bits    ; 16 LEs        ; 16 LEs               ; 0 LEs                  ; No         ; |decompressor|barrel_shifter_right:barrel_shifter1|o_data[3]              ;
; 20:1               ; 8 bits    ; 104 LEs       ; 104 LEs              ; 0 LEs                  ; No         ; |decompressor|decoder:decoder1|Mux69                                      ;
; 21:1               ; 4 bits    ; 56 LEs        ; 56 LEs               ; 0 LEs                  ; No         ; |decompressor|decoder:decoder1|Mux90                                      ;
; 21:1               ; 4 bits    ; 56 LEs        ; 56 LEs               ; 0 LEs                  ; No         ; |decompressor|decoder:decoder1|Mux92                                      ;
; 20:1               ; 6 bits    ; 78 LEs        ; 78 LEs               ; 0 LEs                  ; No         ; |decompressor|decoder:decoder2|Mux67                                      ;
; 21:1               ; 4 bits    ; 56 LEs        ; 56 LEs               ; 0 LEs                  ; No         ; |decompressor|decoder:decoder2|Mux91                                      ;
; 21:1               ; 2 bits    ; 28 LEs        ; 28 LEs               ; 0 LEs                  ; No         ; |decompressor|decoder:decoder2|Mux92                                      ;
; 20:1               ; 8 bits    ; 104 LEs       ; 104 LEs              ; 0 LEs                  ; No         ; |decompressor|decoder:decoder1|Mux79                                      ;
; 21:1               ; 8 bits    ; 112 LEs       ; 104 LEs              ; 8 LEs                  ; No         ; |decompressor|decoder:decoder1|Mux80                                      ;
; 20:1               ; 8 bits    ; 104 LEs       ; 104 LEs              ; 0 LEs                  ; No         ; |decompressor|decoder:decoder2|Mux78                                      ;
; 21:1               ; 8 bits    ; 112 LEs       ; 104 LEs              ; 8 LEs                  ; No         ; |decompressor|decoder:decoder2|Mux84                                      ;
; 25:1               ; 2 bits    ; 32 LEs        ; 32 LEs               ; 0 LEs                  ; No         ; |decompressor|decoder:decoder2|Mux65                                      ;
; 26:1               ; 2 bits    ; 34 LEs        ; 32 LEs               ; 2 LEs                  ; No         ; |decompressor|decoder:decoder2|Mux95                                      ;
; 17:1               ; 2 bits    ; 22 LEs        ; 22 LEs               ; 0 LEs                  ; No         ; |decompressor|unpacker:unpacker|ShiftRight1                               ;
; 18:1               ; 2 bits    ; 24 LEs        ; 24 LEs               ; 0 LEs                  ; No         ; |decompressor|unpacker:unpacker|second_shifted[5]                         ;
; 18:1               ; 2 bits    ; 24 LEs        ; 24 LEs               ; 0 LEs                  ; No         ; |decompressor|unpacker:unpacker|second_shifted[2]                         ;
; 20:1               ; 2 bits    ; 26 LEs        ; 26 LEs               ; 0 LEs                  ; No         ; |decompressor|unpacker:unpacker|o_idx2[2]                                 ;
+--------------------+-----------+---------------+----------------------+------------------------+------------+---------------------------------------------------------------------------+


+------------------------------------------------------------------------------+
; Parameter Settings for User Entity Instance: Top-level Entity: |decompressor ;
+----------------+-------+-----------------------------------------------------+
; Parameter Name ; Value ; Type                                                ;
+----------------+-------+-----------------------------------------------------+
; WIDTH_DATA_IN  ; 128   ; Signed Integer                                      ;
; INPUT_LENGTH   ; 9     ; Signed Integer                                      ;
; WORD           ; 16    ; Signed Integer                                      ;
; WIDTH          ; 32    ; Signed Integer                                      ;
; I_WORD         ; 196   ; Signed Integer                                      ;
; I_WORD2        ; 34    ; Signed Integer                                      ;
; LENGTH_CODE    ; 2     ; Signed Integer                                      ;
; LENGTH         ; 6     ; Signed Integer                                      ;
; REMAIN_LENGTH  ; 8     ; Signed Integer                                      ;
; RESULT_LENGTH  ; 7     ; Signed Integer                                      ;
+----------------+-------+-----------------------------------------------------+
Note: In order to hide this table in the UI and the text report file, please set the "Show Parameter Settings in Synthesis Report" option in "Analysis and Synthesis Settings -> More Settings" to "Off".


+----------------------------------------------------------------+
; Parameter Settings for User Entity Instance: unpacker:unpacker ;
+----------------+-------+---------------------------------------+
; Parameter Name ; Value ; Type                                  ;
+----------------+-------+---------------------------------------+
; WIDTH          ; 128   ; Signed Integer                        ;
; CODE           ; 2     ; Signed Integer                        ;
; WORD           ; 16    ; Signed Integer                        ;
; LENGTH         ; 6     ; Signed Integer                        ;
; WIDTH196       ; 196   ; Signed Integer                        ;
+----------------+-------+---------------------------------------+
Note: In order to hide this table in the UI and the text report file, please set the "Show Parameter Settings in Synthesis Report" option in "Analysis and Synthesis Settings -> More Settings" to "Off".


+---------------------------------------------------------------------------------------------+
; Parameter Settings for User Entity Instance: unpacker:unpacker|length_generator:length_gen1 ;
+----------------+-------+--------------------------------------------------------------------+
; Parameter Name ; Value ; Type                                                               ;
+----------------+-------+--------------------------------------------------------------------+
; CODE           ; 2     ; Signed Integer                                                     ;
; LENGTH         ; 6     ; Signed Integer                                                     ;
+----------------+-------+--------------------------------------------------------------------+
Note: In order to hide this table in the UI and the text report file, please set the "Show Parameter Settings in Synthesis Report" option in "Analysis and Synthesis Settings -> More Settings" to "Off".


+---------------------------------------------------------------------------------------------+
; Parameter Settings for User Entity Instance: unpacker:unpacker|length_generator:length_gen2 ;
+----------------+-------+--------------------------------------------------------------------+
; Parameter Name ; Value ; Type                                                               ;
+----------------+-------+--------------------------------------------------------------------+
; CODE           ; 2     ; Signed Integer                                                     ;
; LENGTH         ; 6     ; Signed Integer                                                     ;
+----------------+-------+--------------------------------------------------------------------+
Note: In order to hide this table in the UI and the text report file, please set the "Show Parameter Settings in Synthesis Report" option in "Analysis and Synthesis Settings -> More Settings" to "Off".


+-------------------------------------------------------------------+
; Parameter Settings for User Entity Instance: fifo_dict:dictionary ;
+----------------+-------+------------------------------------------+
; Parameter Name ; Value ; Type                                     ;
+----------------+-------+------------------------------------------+
; DATA_WIDTH     ; 32    ; Signed Integer                           ;
; TOTAL_WORDS    ; 16    ; Signed Integer                           ;
; SIZE           ; 8     ; Signed Integer                           ;
+----------------+-------+------------------------------------------+
Note: In order to hide this table in the UI and the text report file, please set the "Show Parameter Settings in Synthesis Report" option in "Analysis and Synthesis Settings -> More Settings" to "Off".


+----------------------------------------------------------------------------------------+
; Parameter Settings for User Entity Instance: fifo_dict:dictionary|fifo_ptr_gen:ptr_gen ;
+----------------+-------+---------------------------------------------------------------+
; Parameter Name ; Value ; Type                                                          ;
+----------------+-------+---------------------------------------------------------------+
; SIZE           ; 8     ; Signed Integer                                                ;
+----------------+-------+---------------------------------------------------------------+
Note: In order to hide this table in the UI and the text report file, please set the "Show Parameter Settings in Synthesis Report" option in "Analysis and Synthesis Settings -> More Settings" to "Off".


+-----------------------------------------------------------------------------------------+
; Parameter Settings for User Entity Instance: fifo_dict:dictionary|reg_file_dual:rf_dual ;
+----------------+-------+----------------------------------------------------------------+
; Parameter Name ; Value ; Type                                                           ;
+----------------+-------+----------------------------------------------------------------+
; DATA_N         ; 32    ; Signed Integer                                                 ;
; SIZE           ; 8     ; Signed Integer                                                 ;
; TOTAL_WORDS    ; 16    ; Signed Integer                                                 ;
+----------------+-------+----------------------------------------------------------------+
Note: In order to hide this table in the UI and the text report file, please set the "Show Parameter Settings in Synthesis Report" option in "Analysis and Synthesis Settings -> More Settings" to "Off".


+---------------------------------------------------------------+
; Parameter Settings for User Entity Instance: decoder:decoder1 ;
+----------------+-------+--------------------------------------+
; Parameter Name ; Value ; Type                                 ;
+----------------+-------+--------------------------------------+
; CODES          ; 2     ; Signed Integer                       ;
; WORD           ; 16    ; Signed Integer                       ;
; WIDTH          ; 32    ; Signed Integer                       ;
; I_WORD         ; 196   ; Signed Integer                       ;
; I_WORD2        ; 34    ; Signed Integer                       ;
+----------------+-------+--------------------------------------+
Note: In order to hide this table in the UI and the text report file, please set the "Show Parameter Settings in Synthesis Report" option in "Analysis and Synthesis Settings -> More Settings" to "Off".


+---------------------------------------------------------------+
; Parameter Settings for User Entity Instance: decoder:decoder2 ;
+----------------+-------+--------------------------------------+
; Parameter Name ; Value ; Type                                 ;
+----------------+-------+--------------------------------------+
; CODES          ; 2     ; Signed Integer                       ;
; WORD           ; 16    ; Signed Integer                       ;
; WIDTH          ; 32    ; Signed Integer                       ;
; I_WORD         ; 196   ; Signed Integer                       ;
; I_WORD2        ; 34    ; Signed Integer                       ;
+----------------+-------+--------------------------------------+
Note: In order to hide this table in the UI and the text report file, please set the "Show Parameter Settings in Synthesis Report" option in "Analysis and Synthesis Settings -> More Settings" to "Off".


+----------------------------------------------------------------------+
; Parameter Settings for User Entity Instance: reg_out:register_array3 ;
+----------------+-------+---------------------------------------------+
; Parameter Name ; Value ; Type                                        ;
+----------------+-------+---------------------------------------------+
; WIDTH          ; 32    ; Signed Integer                              ;
; O_WIDTH        ; 128   ; Signed Integer                              ;
+----------------+-------+---------------------------------------------+
Note: In order to hide this table in the UI and the text report file, please set the "Show Parameter Settings in Synthesis Report" option in "Analysis and Synthesis Settings -> More Settings" to "Off".


+------------------------------------------------------------------------+
; Parameter Settings for User Entity Instance: latch_module:latch_module ;
+----------------+-------+-----------------------------------------------+
; Parameter Name ; Value ; Type                                          ;
+----------------+-------+-----------------------------------------------+
; WIDTH          ; 128   ; Signed Integer                                ;
+----------------+-------+-----------------------------------------------+
Note: In order to hide this table in the UI and the text report file, please set the "Show Parameter Settings in Synthesis Report" option in "Analysis and Synthesis Settings -> More Settings" to "Off".


+--------------------------------------------------------------------------------------------+
; Parameter Settings for User Entity Instance: three_input_carry_save_adder:carry_save_adder ;
+----------------+-------+-------------------------------------------------------------------+
; Parameter Name ; Value ; Type                                                              ;
+----------------+-------+-------------------------------------------------------------------+
; WORD_LENGTH    ; 6     ; Signed Integer                                                    ;
; REMAIN_LENGTH  ; 8     ; Signed Integer                                                    ;
; RESULT_LENGTH  ; 7     ; Signed Integer                                                    ;
+----------------+-------+-------------------------------------------------------------------+
Note: In order to hide this table in the UI and the text report file, please set the "Show Parameter Settings in Synthesis Report" option in "Analysis and Synthesis Settings -> More Settings" to "Off".


+----------------------------------------------------------+
; Parameter Settings for User Entity Instance: mux2_1:mux1 ;
+----------------+-------+---------------------------------+
; Parameter Name ; Value ; Type                            ;
+----------------+-------+---------------------------------+
; N              ; 7     ; Signed Integer                  ;
+----------------+-------+---------------------------------+
Note: In order to hide this table in the UI and the text report file, please set the "Show Parameter Settings in Synthesis Report" option in "Analysis and Synthesis Settings -> More Settings" to "Off".


+--------------------------------------------------------------------------------+
; Parameter Settings for User Entity Instance: barrel_shifter_d2:barrel_shifter2 ;
+----------------+-------+-------------------------------------------------------+
; Parameter Name ; Value ; Type                                                  ;
+----------------+-------+-------------------------------------------------------+
; WIDTH          ; 196   ; Signed Integer                                        ;
; I_WIDTH        ; 128   ; Signed Integer                                        ;
; SHIFT_BIT      ; 7     ; Signed Integer                                        ;
+----------------+-------+-------------------------------------------------------+
Note: In order to hide this table in the UI and the text report file, please set the "Show Parameter Settings in Synthesis Report" option in "Analysis and Synthesis Settings -> More Settings" to "Off".


+----------------------------------------------------------------+
; Parameter Settings for User Entity Instance: or_gate_d:or_gate ;
+----------------+-------+---------------------------------------+
; Parameter Name ; Value ; Type                                  ;
+----------------+-------+---------------------------------------+
; WIDTH          ; 196   ; Signed Integer                        ;
+----------------+-------+---------------------------------------+
Note: In order to hide this table in the UI and the text report file, please set the "Show Parameter Settings in Synthesis Report" option in "Analysis and Synthesis Settings -> More Settings" to "Off".


+----------------------------------------------------------+
; Parameter Settings for User Entity Instance: mux2_1:mux2 ;
+----------------+-------+---------------------------------+
; Parameter Name ; Value ; Type                            ;
+----------------+-------+---------------------------------+
; N              ; 196   ; Signed Integer                  ;
+----------------+-------+---------------------------------+
Note: In order to hide this table in the UI and the text report file, please set the "Show Parameter Settings in Synthesis Report" option in "Analysis and Synthesis Settings -> More Settings" to "Off".


+-----------------------------------------------------------------------------------+
; Parameter Settings for User Entity Instance: barrel_shifter_right:barrel_shifter1 ;
+----------------+-------+----------------------------------------------------------+
; Parameter Name ; Value ; Type                                                     ;
+----------------+-------+----------------------------------------------------------+
; WIDTH          ; 196   ; Signed Integer                                           ;
+----------------+-------+----------------------------------------------------------+
Note: In order to hide this table in the UI and the text report file, please set the "Show Parameter Settings in Synthesis Report" option in "Analysis and Synthesis Settings -> More Settings" to "Off".


+-----------------------------------------------------------------------------+
; Parameter Settings for User Entity Instance: register_array:register_array1 ;
+----------------+-------+----------------------------------------------------+
; Parameter Name ; Value ; Type                                               ;
+----------------+-------+----------------------------------------------------+
; TOTAL_WIDTH    ; 196   ; Signed Integer                                     ;
+----------------+-------+----------------------------------------------------+
Note: In order to hide this table in the UI and the text report file, please set the "Show Parameter Settings in Synthesis Report" option in "Analysis and Synthesis Settings -> More Settings" to "Off".


+-------------------------------------------------------------+
; Parameter Settings for User Entity Instance: mux2_1:mux_out ;
+----------------+-------+------------------------------------+
; Parameter Name ; Value ; Type                               ;
+----------------+-------+------------------------------------+
; N              ; 128   ; Signed Integer                     ;
+----------------+-------+------------------------------------+
Note: In order to hide this table in the UI and the text report file, please set the "Show Parameter Settings in Synthesis Report" option in "Analysis and Synthesis Settings -> More Settings" to "Off".


+-----------------------------------------+
; Port Connectivity Checks: "mux2_1:mux1" ;
+------+-------+----------+---------------+
; Port ; Type  ; Severity ; Details       ;
+------+-------+----------+---------------+
; i_a  ; Input ; Info     ; Stuck at GND  ;
+------+-------+----------+---------------+


+-------------------------------+
; Elapsed Time Per Partition    ;
+----------------+--------------+
; Partition Name ; Elapsed Time ;
+----------------+--------------+
; Top            ; 00:00:10     ;
+----------------+--------------+


+-------------------------------+
; Analysis & Synthesis Messages ;
+-------------------------------+
Info: *******************************************************************
Info: Running Quartus II 64-Bit Analysis & Synthesis
    Info: Version 13.0.1 Build 232 06/12/2013 Service Pack 1 SJ Web Edition
    Info: Processing started: Sat Apr 26 15:48:50 2025
Info: Command: quartus_map --read_settings_files=on --write_settings_files=off decoder -c decoder
Warning (20028): Parallel compilation is not licensed and has been disabled
Info (12021): Found 1 design units, including 1 entities, in source file /users/duc/a place holder/github/code graduate/code_graduate/decompress/word_decompressing/src/barrel_shifter_right.sv
    Info (12023): Found entity 1: barrel_shifter_right
Info (12021): Found 1 design units, including 1 entities, in source file /users/duc/a place holder/github/code graduate/code_graduate/decompress/word_decompressing/src/reg_out.sv
    Info (12023): Found entity 1: reg_out
Info (12021): Found 1 design units, including 1 entities, in source file /users/duc/a place holder/github/code graduate/code_graduate/decompress/word_decompressing/src/latch_module.sv
    Info (12023): Found entity 1: latch_module
Info (12021): Found 1 design units, including 1 entities, in source file /users/duc/a place holder/github/code graduate/code_graduate/decompress/word_decompressing/src/barrel_shifter_d2.sv
    Info (12023): Found entity 1: barrel_shifter_d2
Info (12021): Found 1 design units, including 1 entities, in source file /users/duc/a place holder/github/code graduate/code_graduate/decompress/word_decompressing/src/or_gate_d.sv
    Info (12023): Found entity 1: or_gate_d
Info (12021): Found 1 design units, including 1 entities, in source file /users/duc/a place holder/github/code graduate/code_graduate/decompress/word_decompressing/src/register_array.sv
    Info (12023): Found entity 1: register_array
Info (12021): Found 1 design units, including 1 entities, in source file /users/duc/a place holder/github/code graduate/code_graduate/decompress/word_decompressing/src/mux2_1.sv
    Info (12023): Found entity 1: mux2_1
Info (12021): Found 1 design units, including 1 entities, in source file /users/duc/a place holder/github/code graduate/code_graduate/decompress/word_decompressing/src/comparator.sv
    Info (12023): Found entity 1: comparator
Info (12021): Found 1 design units, including 1 entities, in source file /users/duc/a place holder/github/code graduate/code_graduate/decompress/word_decompressing/src/barrel_shifter_d1.sv
    Info (12023): Found entity 1: barrel_shifter_d1
Info (12021): Found 1 design units, including 1 entities, in source file /users/duc/a place holder/github/code graduate/code_graduate/decompress/word_decompressing/src/three_input_carry_save_adder.sv
    Info (12023): Found entity 1: three_input_carry_save_adder
Info (12021): Found 1 design units, including 1 entities, in source file /users/duc/a place holder/github/code graduate/code_graduate/decompress/word_decompressing/src/substracter.sv
    Info (12023): Found entity 1: substracter
Info (12021): Found 3 design units, including 3 entities, in source file /users/duc/a place holder/github/code graduate/code_graduate/decompress/word_decompressing/src/fifo_dict.sv
    Info (12023): Found entity 1: fifo_dict
    Info (12023): Found entity 2: fifo_ptr_gen
    Info (12023): Found entity 3: reg_file_dual
Info (12021): Found 1 design units, including 1 entities, in source file /users/duc/a place holder/github/code graduate/code_graduate/decompress/word_decompressing/src/decompressor.sv
    Info (12023): Found entity 1: decompressor
Info (12021): Found 1 design units, including 1 entities, in source file /users/duc/a place holder/github/code graduate/code_graduate/decompress/word_decompressing/src/cla_adder_12bit.sv
    Info (12023): Found entity 1: cla_adder_12bit
Info (12021): Found 1 design units, including 1 entities, in source file /users/duc/a place holder/github/code graduate/code_graduate/decompress/word_decompressing/src/control_signal_generator.sv
    Info (12023): Found entity 1: control_signal_generator
Info (12021): Found 1 design units, including 1 entities, in source file /users/duc/a place holder/github/code graduate/code_graduate/decompress/word_decompressing/src/unpacker.sv
    Info (12023): Found entity 1: unpacker
Info (12021): Found 1 design units, including 1 entities, in source file /users/duc/a place holder/github/code graduate/code_graduate/decompress/word_decompressing/src/length_generator.sv
    Info (12023): Found entity 1: length_generator
Info (12021): Found 1 design units, including 1 entities, in source file /users/duc/a place holder/github/code graduate/code_graduate/decompress/word_decompressing/src/decoder.sv
    Info (12023): Found entity 1: decoder
Info (12127): Elaborating entity "decompressor" for the top level hierarchy
Info (12128): Elaborating entity "unpacker" for hierarchy "unpacker:unpacker"
Info (12128): Elaborating entity "length_generator" for hierarchy "unpacker:unpacker|length_generator:length_gen1"
Info (12128): Elaborating entity "control_signal_generator" for hierarchy "control_signal_generator:control_signal_gen"
Info (12128): Elaborating entity "fifo_dict" for hierarchy "fifo_dict:dictionary"
Info (12128): Elaborating entity "fifo_ptr_gen" for hierarchy "fifo_dict:dictionary|fifo_ptr_gen:ptr_gen"
Info (12128): Elaborating entity "reg_file_dual" for hierarchy "fifo_dict:dictionary|reg_file_dual:rf_dual"
Info (12128): Elaborating entity "decoder" for hierarchy "decoder:decoder1"
Info (12128): Elaborating entity "reg_out" for hierarchy "reg_out:register_array3"
Info (12128): Elaborating entity "latch_module" for hierarchy "latch_module:latch_module"
Info (10041): Inferred latch for "o_word[0]" at latch_module.sv(12)
Info (10041): Inferred latch for "o_word[1]" at latch_module.sv(12)
Info (10041): Inferred latch for "o_word[2]" at latch_module.sv(12)
Info (10041): Inferred latch for "o_word[3]" at latch_module.sv(12)
Info (10041): Inferred latch for "o_word[4]" at latch_module.sv(12)
Info (10041): Inferred latch for "o_word[5]" at latch_module.sv(12)
Info (10041): Inferred latch for "o_word[6]" at latch_module.sv(12)
Info (10041): Inferred latch for "o_word[7]" at latch_module.sv(12)
Info (10041): Inferred latch for "o_word[8]" at latch_module.sv(12)
Info (10041): Inferred latch for "o_word[9]" at latch_module.sv(12)
Info (10041): Inferred latch for "o_word[10]" at latch_module.sv(12)
Info (10041): Inferred latch for "o_word[11]" at latch_module.sv(12)
Info (10041): Inferred latch for "o_word[12]" at latch_module.sv(12)
Info (10041): Inferred latch for "o_word[13]" at latch_module.sv(12)
Info (10041): Inferred latch for "o_word[14]" at latch_module.sv(12)
Info (10041): Inferred latch for "o_word[15]" at latch_module.sv(12)
Info (10041): Inferred latch for "o_word[16]" at latch_module.sv(12)
Info (10041): Inferred latch for "o_word[17]" at latch_module.sv(12)
Info (10041): Inferred latch for "o_word[18]" at latch_module.sv(12)
Info (10041): Inferred latch for "o_word[19]" at latch_module.sv(12)
Info (10041): Inferred latch for "o_word[20]" at latch_module.sv(12)
Info (10041): Inferred latch for "o_word[21]" at latch_module.sv(12)
Info (10041): Inferred latch for "o_word[22]" at latch_module.sv(12)
Info (10041): Inferred latch for "o_word[23]" at latch_module.sv(12)
Info (10041): Inferred latch for "o_word[24]" at latch_module.sv(12)
Info (10041): Inferred latch for "o_word[25]" at latch_module.sv(12)
Info (10041): Inferred latch for "o_word[26]" at latch_module.sv(12)
Info (10041): Inferred latch for "o_word[27]" at latch_module.sv(12)
Info (10041): Inferred latch for "o_word[28]" at latch_module.sv(12)
Info (10041): Inferred latch for "o_word[29]" at latch_module.sv(12)
Info (10041): Inferred latch for "o_word[30]" at latch_module.sv(12)
Info (10041): Inferred latch for "o_word[31]" at latch_module.sv(12)
Info (10041): Inferred latch for "o_word[32]" at latch_module.sv(12)
Info (10041): Inferred latch for "o_word[33]" at latch_module.sv(12)
Info (10041): Inferred latch for "o_word[34]" at latch_module.sv(12)
Info (10041): Inferred latch for "o_word[35]" at latch_module.sv(12)
Info (10041): Inferred latch for "o_word[36]" at latch_module.sv(12)
Info (10041): Inferred latch for "o_word[37]" at latch_module.sv(12)
Info (10041): Inferred latch for "o_word[38]" at latch_module.sv(12)
Info (10041): Inferred latch for "o_word[39]" at latch_module.sv(12)
Info (10041): Inferred latch for "o_word[40]" at latch_module.sv(12)
Info (10041): Inferred latch for "o_word[41]" at latch_module.sv(12)
Info (10041): Inferred latch for "o_word[42]" at latch_module.sv(12)
Info (10041): Inferred latch for "o_word[43]" at latch_module.sv(12)
Info (10041): Inferred latch for "o_word[44]" at latch_module.sv(12)
Info (10041): Inferred latch for "o_word[45]" at latch_module.sv(12)
Info (10041): Inferred latch for "o_word[46]" at latch_module.sv(12)
Info (10041): Inferred latch for "o_word[47]" at latch_module.sv(12)
Info (10041): Inferred latch for "o_word[48]" at latch_module.sv(12)
Info (10041): Inferred latch for "o_word[49]" at latch_module.sv(12)
Info (10041): Inferred latch for "o_word[50]" at latch_module.sv(12)
Info (10041): Inferred latch for "o_word[51]" at latch_module.sv(12)
Info (10041): Inferred latch for "o_word[52]" at latch_module.sv(12)
Info (10041): Inferred latch for "o_word[53]" at latch_module.sv(12)
Info (10041): Inferred latch for "o_word[54]" at latch_module.sv(12)
Info (10041): Inferred latch for "o_word[55]" at latch_module.sv(12)
Info (10041): Inferred latch for "o_word[56]" at latch_module.sv(12)
Info (10041): Inferred latch for "o_word[57]" at latch_module.sv(12)
Info (10041): Inferred latch for "o_word[58]" at latch_module.sv(12)
Info (10041): Inferred latch for "o_word[59]" at latch_module.sv(12)
Info (10041): Inferred latch for "o_word[60]" at latch_module.sv(12)
Info (10041): Inferred latch for "o_word[61]" at latch_module.sv(12)
Info (10041): Inferred latch for "o_word[62]" at latch_module.sv(12)
Info (10041): Inferred latch for "o_word[63]" at latch_module.sv(12)
Info (10041): Inferred latch for "o_word[64]" at latch_module.sv(12)
Info (10041): Inferred latch for "o_word[65]" at latch_module.sv(12)
Info (10041): Inferred latch for "o_word[66]" at latch_module.sv(12)
Info (10041): Inferred latch for "o_word[67]" at latch_module.sv(12)
Info (10041): Inferred latch for "o_word[68]" at latch_module.sv(12)
Info (10041): Inferred latch for "o_word[69]" at latch_module.sv(12)
Info (10041): Inferred latch for "o_word[70]" at latch_module.sv(12)
Info (10041): Inferred latch for "o_word[71]" at latch_module.sv(12)
Info (10041): Inferred latch for "o_word[72]" at latch_module.sv(12)
Info (10041): Inferred latch for "o_word[73]" at latch_module.sv(12)
Info (10041): Inferred latch for "o_word[74]" at latch_module.sv(12)
Info (10041): Inferred latch for "o_word[75]" at latch_module.sv(12)
Info (10041): Inferred latch for "o_word[76]" at latch_module.sv(12)
Info (10041): Inferred latch for "o_word[77]" at latch_module.sv(12)
Info (10041): Inferred latch for "o_word[78]" at latch_module.sv(12)
Info (10041): Inferred latch for "o_word[79]" at latch_module.sv(12)
Info (10041): Inferred latch for "o_word[80]" at latch_module.sv(12)
Info (10041): Inferred latch for "o_word[81]" at latch_module.sv(12)
Info (10041): Inferred latch for "o_word[82]" at latch_module.sv(12)
Info (10041): Inferred latch for "o_word[83]" at latch_module.sv(12)
Info (10041): Inferred latch for "o_word[84]" at latch_module.sv(12)
Info (10041): Inferred latch for "o_word[85]" at latch_module.sv(12)
Info (10041): Inferred latch for "o_word[86]" at latch_module.sv(12)
Info (10041): Inferred latch for "o_word[87]" at latch_module.sv(12)
Info (10041): Inferred latch for "o_word[88]" at latch_module.sv(12)
Info (10041): Inferred latch for "o_word[89]" at latch_module.sv(12)
Info (10041): Inferred latch for "o_word[90]" at latch_module.sv(12)
Info (10041): Inferred latch for "o_word[91]" at latch_module.sv(12)
Info (10041): Inferred latch for "o_word[92]" at latch_module.sv(12)
Info (10041): Inferred latch for "o_word[93]" at latch_module.sv(12)
Info (10041): Inferred latch for "o_word[94]" at latch_module.sv(12)
Info (10041): Inferred latch for "o_word[95]" at latch_module.sv(12)
Info (10041): Inferred latch for "o_word[96]" at latch_module.sv(12)
Info (10041): Inferred latch for "o_word[97]" at latch_module.sv(12)
Info (10041): Inferred latch for "o_word[98]" at latch_module.sv(12)
Info (10041): Inferred latch for "o_word[99]" at latch_module.sv(12)
Info (10041): Inferred latch for "o_word[100]" at latch_module.sv(12)
Info (10041): Inferred latch for "o_word[101]" at latch_module.sv(12)
Info (10041): Inferred latch for "o_word[102]" at latch_module.sv(12)
Info (10041): Inferred latch for "o_word[103]" at latch_module.sv(12)
Info (10041): Inferred latch for "o_word[104]" at latch_module.sv(12)
Info (10041): Inferred latch for "o_word[105]" at latch_module.sv(12)
Info (10041): Inferred latch for "o_word[106]" at latch_module.sv(12)
Info (10041): Inferred latch for "o_word[107]" at latch_module.sv(12)
Info (10041): Inferred latch for "o_word[108]" at latch_module.sv(12)
Info (10041): Inferred latch for "o_word[109]" at latch_module.sv(12)
Info (10041): Inferred latch for "o_word[110]" at latch_module.sv(12)
Info (10041): Inferred latch for "o_word[111]" at latch_module.sv(12)
Info (10041): Inferred latch for "o_word[112]" at latch_module.sv(12)
Info (10041): Inferred latch for "o_word[113]" at latch_module.sv(12)
Info (10041): Inferred latch for "o_word[114]" at latch_module.sv(12)
Info (10041): Inferred latch for "o_word[115]" at latch_module.sv(12)
Info (10041): Inferred latch for "o_word[116]" at latch_module.sv(12)
Info (10041): Inferred latch for "o_word[117]" at latch_module.sv(12)
Info (10041): Inferred latch for "o_word[118]" at latch_module.sv(12)
Info (10041): Inferred latch for "o_word[119]" at latch_module.sv(12)
Info (10041): Inferred latch for "o_word[120]" at latch_module.sv(12)
Info (10041): Inferred latch for "o_word[121]" at latch_module.sv(12)
Info (10041): Inferred latch for "o_word[122]" at latch_module.sv(12)
Info (10041): Inferred latch for "o_word[123]" at latch_module.sv(12)
Info (10041): Inferred latch for "o_word[124]" at latch_module.sv(12)
Info (10041): Inferred latch for "o_word[125]" at latch_module.sv(12)
Info (10041): Inferred latch for "o_word[126]" at latch_module.sv(12)
Info (10041): Inferred latch for "o_word[127]" at latch_module.sv(12)
Info (12128): Elaborating entity "three_input_carry_save_adder" for hierarchy "three_input_carry_save_adder:carry_save_adder"
Info (12128): Elaborating entity "comparator" for hierarchy "comparator:substracter"
Info (12128): Elaborating entity "mux2_1" for hierarchy "mux2_1:mux1"
Info (12128): Elaborating entity "barrel_shifter_d2" for hierarchy "barrel_shifter_d2:barrel_shifter2"
Info (12128): Elaborating entity "or_gate_d" for hierarchy "or_gate_d:or_gate"
Info (12128): Elaborating entity "mux2_1" for hierarchy "mux2_1:mux2"
Info (12128): Elaborating entity "barrel_shifter_right" for hierarchy "barrel_shifter_right:barrel_shifter1"
Info (12128): Elaborating entity "register_array" for hierarchy "register_array:register_array1"
Info (12128): Elaborating entity "mux2_1" for hierarchy "mux2_1:mux_out"
Info (144001): Generated suppressed messages file C:/Users/Duc/A PLACE HOLDER/GitHub/Code Graduate/Code_Graduate/Decompress/Word_Decompressing/quartus/output_files/decoder.map.smsg
Info (16010): Generating hard_block partition "hard_block:auto_generated_inst"
    Info (16011): Adding 0 node(s), including 0 DDIO, 0 PLL, 0 transceiver and 0 LCELL
Info (21057): Implemented 6694 device resources after synthesis - the final resource count might be different
    Info (21058): Implemented 133 input pins
    Info (21059): Implemented 128 output pins
    Info (21061): Implemented 6433 logic cells
Info: Quartus II 64-Bit Analysis & Synthesis was successful. 0 errors, 1 warning
    Info: Peak virtual memory: 4633 megabytes
    Info: Processing ended: Sat Apr 26 15:49:03 2025
    Info: Elapsed time: 00:00:13
    Info: Total CPU time (on all processors): 00:00:13


+------------------------------------------+
; Analysis & Synthesis Suppressed Messages ;
+------------------------------------------+
The suppressed messages can be found in C:/Users/Duc/A PLACE HOLDER/GitHub/Code Graduate/Code_Graduate/Decompress/Word_Decompressing/quartus/output_files/decoder.map.smsg.


